<?xml version="1.0" encoding="UTF-8"?>
<testng-results ignored="0" total="7" passed="7" failed="0" skipped="0">
  <reporter-output>
  </reporter-output>
  <suite started-at="2022-12-21T15:24:01 EET" name="org.example.Runner.Runner" finished-at="2022-12-21T15:28:46 EET" duration-ms="284169">
    <groups>
      <group name="cucumber">
        <method signature="AbstractTestNGCucumberTests.runScenario(io.cucumber.testng.PickleWrapper,io.cucumber.testng.FeatureWrapper)[pri:0, instance:org.example.Runner.Runner@363ee3a2]" name="runScenario" class="io.cucumber.testng.AbstractTestNGCucumberTests"/>
      </group> <!-- cucumber -->
    </groups>
    <test started-at="2022-12-21T15:24:01 EET" name="Command line test" finished-at="2022-12-21T15:28:46 EET" duration-ms="284169">
      <class name="org.example.Runner.Runner">
        <test-method is-config="true" signature="setUpClass(org.testng.ITestContext)[pri:0, instance:org.example.Runner.Runner@363ee3a2]" started-at="2022-12-21T15:24:02 EET" name="setUpClass" finished-at="2022-12-21T15:24:04 EET" duration-ms="2203" status="PASS">
          <params>
            <param index="0">
              <value>
                <![CDATA[org.testng.TestRunner@489110c2]]>
              </value>
            </param>
          </params>
          <reporter-output>
          </reporter-output>
        </test-method> <!-- setUpClass -->
        <test-method signature="runScenario(io.cucumber.testng.PickleWrapper,io.cucumber.testng.FeatureWrapper)[pri:0, instance:org.example.Runner.Runner@363ee3a2]" started-at="2022-12-21T15:24:04 EET" name="runScenario" description="Runs Cucumber Scenarios" data-provider="scenarios" finished-at="2022-12-21T15:24:53 EET" duration-ms="49148" status="PASS">
          <params>
            <param index="0">
              <value>
                <![CDATA["User could login with valid credentials"]]>
              </value>
            </param>
            <param index="1">
              <value>
                <![CDATA["Login Functionality"]]>
              </value>
            </param>
          </params>
          <reporter-output>
          </reporter-output>
        </test-method> <!-- runScenario -->
        <test-method signature="runScenario(io.cucumber.testng.PickleWrapper,io.cucumber.testng.FeatureWrapper)[pri:0, instance:org.example.Runner.Runner@363ee3a2]" started-at="2022-12-21T15:24:53 EET" name="runScenario" description="Runs Cucumber Scenarios" data-provider="scenarios" finished-at="2022-12-21T15:25:26 EET" duration-ms="32853" status="PASS">
          <params>
            <param index="0">
              <value>
                <![CDATA["User could not login with invalid user and valid password"]]>
              </value>
            </param>
            <param index="1">
              <value>
                <![CDATA["Login Functionality"]]>
              </value>
            </param>
          </params>
          <reporter-output>
          </reporter-output>
        </test-method> <!-- runScenario -->
        <test-method signature="runScenario(io.cucumber.testng.PickleWrapper,io.cucumber.testng.FeatureWrapper)[pri:0, instance:org.example.Runner.Runner@363ee3a2]" started-at="2022-12-21T15:25:26 EET" name="runScenario" description="Runs Cucumber Scenarios" data-provider="scenarios" finished-at="2022-12-21T15:26:09 EET" duration-ms="43512" status="PASS">
          <params>
            <param index="0">
              <value>
                <![CDATA["User could not login with invalid password and valid user"]]>
              </value>
            </param>
            <param index="1">
              <value>
                <![CDATA["Login Functionality"]]>
              </value>
            </param>
          </params>
          <reporter-output>
          </reporter-output>
        </test-method> <!-- runScenario -->
        <test-method signature="runScenario(io.cucumber.testng.PickleWrapper,io.cucumber.testng.FeatureWrapper)[pri:0, instance:org.example.Runner.Runner@363ee3a2]" started-at="2022-12-21T15:26:09 EET" name="runScenario" description="Runs Cucumber Scenarios" data-provider="scenarios" finished-at="2022-12-21T15:26:38 EET" duration-ms="28215" status="PASS">
          <params>
            <param index="0">
              <value>
                <![CDATA["Adding new Customer with valid data"]]>
              </value>
            </param>
            <param index="1">
              <value>
                <![CDATA["Adding new Customer Functionality"]]>
              </value>
            </param>
          </params>
          <reporter-output>
          </reporter-output>
        </test-method> <!-- runScenario -->
        <test-method signature="runScenario(io.cucumber.testng.PickleWrapper,io.cucumber.testng.FeatureWrapper)[pri:0, instance:org.example.Runner.Runner@363ee3a2]" started-at="2022-12-21T15:26:38 EET" name="runScenario" description="Runs Cucumber Scenarios" data-provider="scenarios" finished-at="2022-12-21T15:27:14 EET" duration-ms="36909" status="PASS">
          <params>
            <param index="0">
              <value>
                <![CDATA["Adding new Customer leaving name field empty"]]>
              </value>
            </param>
            <param index="1">
              <value>
                <![CDATA["Adding new Customer Functionality"]]>
              </value>
            </param>
          </params>
          <reporter-output>
          </reporter-output>
        </test-method> <!-- runScenario -->
        <test-method signature="runScenario(io.cucumber.testng.PickleWrapper,io.cucumber.testng.FeatureWrapper)[pri:0, instance:org.example.Runner.Runner@363ee3a2]" started-at="2022-12-21T15:27:14 EET" name="runScenario" description="Runs Cucumber Scenarios" data-provider="scenarios" finished-at="2022-12-21T15:27:56 EET" duration-ms="41691" status="PASS">
          <params>
            <param index="0">
              <value>
                <![CDATA["Adding new Customer leaving address field empty"]]>
              </value>
            </param>
            <param index="1">
              <value>
                <![CDATA["Adding new Customer Functionality"]]>
              </value>
            </param>
          </params>
          <reporter-output>
          </reporter-output>
        </test-method> <!-- runScenario -->
        <test-method signature="runScenario(io.cucumber.testng.PickleWrapper,io.cucumber.testng.FeatureWrapper)[pri:0, instance:org.example.Runner.Runner@363ee3a2]" started-at="2022-12-21T15:27:56 EET" name="runScenario" description="Runs Cucumber Scenarios" data-provider="scenarios" finished-at="2022-12-21T15:28:39 EET" duration-ms="43179" status="PASS">
          <params>
            <param index="0">
              <value>
                <![CDATA["Adding new Customeer entering pin less than 6 digits"]]>
              </value>
            </param>
            <param index="1">
              <value>
                <![CDATA["Adding new Customer Functionality"]]>
              </value>
            </param>
          </params>
          <reporter-output>
          </reporter-output>
        </test-method> <!-- runScenario -->
        <test-method is-config="true" signature="tearDownClass()[pri:0, instance:org.example.Runner.Runner@363ee3a2]" started-at="2022-12-21T15:28:39 EET" name="tearDownClass" finished-at="2022-12-21T15:28:46 EET" duration-ms="6286" status="PASS">
          <reporter-output>
          </reporter-output>
        </test-method> <!-- tearDownClass -->
      </class> <!-- org.example.Runner.Runner -->
    </test> <!-- Command line test -->
  </suite> <!-- org.example.Runner.Runner -->
</testng-results>
